[SMC FNE]transforming bao net.minecraft.client.Minecraft
[SMC FNE] 79539 (+59)
[SMC FNE]transforming aji net.minecraft.block.Block
[SMC INF]   blockAoLight
[SMC FNE] 69983 (+60)
[SMC FNE]transforming abh net.minecraft.item.ItemBlock
[SMC FNE] 6426 (+0)
[SMC FNE]transforming buu net.minecraft.client.renderer.OpenGlHelper
[SMC FNT]    set activeTexUnit
[SMC FNE] 16021 (+65)
[SMC FNE]transforming bpp net.minecraft.client.renderer.texture.AbstractTexture
[SMC FNE] 1028 (+376)
[SMC FNE]transforming bqh net.minecraft.client.renderer.texture.ITextureObject
[SMC FNE] 297 (+63)
[SMC FNE]transforming bpq net.minecraft.client.renderer.texture.DynamicTexture
[SMC FNE] 1328 (+234)
[SMC FNE]transforming bpz net.minecraft.client.renderer.texture.TextureMap
[SMC FNT]    loadRes
[SMC FNT]    loadRes
[SMC FNT]    allocateTextureMap
[SMC FNT]    setSprite setIconName
[SMC FNT]    uploadTexSubForLoadAtlas
[SMC FNE] 17200 (+796)
[SMC FNE]transforming bno net.minecraft.client.renderer.entity.Render
[SMC FNR]    conditionally skip default shadow
[SMC FNE] 9451 (+78)
[SMC FNE]transforming blm net.minecraft.client.renderer.RenderBlocks
[SMC FNE] 151710 (+418)
[SMC FNE]transforming bix net.minecraft.client.model.ModelRenderer
[SMC FNE] 6928 (+203)
[SMC FNE]transforming boh net.minecraft.client.renderer.entity.RendererLivingEntity
[SMC FNE] 16049 (+349)
[SMC FNE]transforming bov net.minecraft.client.renderer.entity.RenderSpider
[SMC FNE] 2157 (+66)
[SMC FNE]transforming bqf net.minecraft.client.renderer.texture.TextureManager
[SMC FNE] 7836 (+117)
[SMC FNE]transforming bpu net.minecraft.client.renderer.texture.SimpleTexture
[SMC FNR]    loadSimpleTexture
[SMC FNE] 2642 (+301)
[SMC FNE]transforming bnn net.minecraft.client.renderer.entity.RenderManager
[SMC FNE] 17793 (+0)
[SMC FNE]transforming bnm net.minecraft.client.renderer.entity.RenderEnderman
[SMC FNE] 4174 (+66)
[SMC FNE]transforming bnl net.minecraft.client.renderer.entity.RenderDragon
[SMC FNE] 7059 (+66)
[SMC FNE]transforming bnx net.minecraft.client.renderer.tileentity.RenderItemFrame
[SMC FNE] 12118 (+245)
[SMC FNE]transforming bly net.minecraft.client.renderer.ItemRenderer
[SMC FNR]  patch method net/minecraft/client/renderer/ItemRenderer.func_78443_a(Lnet/minecraft/entity/EntityLivingBase;Lnet/minecraft/item/ItemStack;I)V
[SMC FNR]  patch method net/minecraft/client/renderer/ItemRenderer.renderItem(Lnet/minecraft/entity/EntityLivingBase;Lnet/minecraft/item/ItemStack;ILnet/minecraftforge/client/IItemRenderer$ItemRenderType;)V
[SMC FNR]  patch method net/minecraft/client/renderer/ItemRenderer.func_78441_a()V
[SMC FNE] 20376 (+109)
[SMC FNE]transforming blt net.minecraft.client.renderer.EntityRenderer
[SMC FNR]  patch method net/minecraft/client/renderer/EntityRenderer.func_78476_b(FI)V
[SMC FNR]  patch method net/minecraft/client/renderer/EntityRenderer.func_78483_a(D)V
[SMC FNR]  patch method net/minecraft/client/renderer/EntityRenderer.func_78463_b(D)V
[SMC FNR]  patch method net/minecraft/client/renderer/EntityRenderer.func_78471_a(FJ)V
[SMC FNR]  patch method net/minecraft/client/renderer/EntityRenderer.func_82829_a(Lnet/minecraft/client/renderer/RenderGlobal;F)V
[SMC FNR]  patch method net/minecraft/client/renderer/EntityRenderer.func_78466_h(F)V
[SMC FNR]  patch method net/minecraft/client/renderer/EntityRenderer.func_78468_a(IF)V
[SMC FNR]  patch method net/minecraft/client/renderer/EntityRenderer.func_78469_a(FFFF)Ljava/nio/FloatBuffer;
[SMC FNE] 48011 (+1551)
[SMC INF]ShadersMod version 2.3.31
[SMC INF]Load ShadersMod configuration.
[SMC INF]Loaded shaderpack.
[SMC FNE]transforming bma net.minecraft.client.renderer.RenderGlobal
[SMC FNR]  patch method net/minecraft/client/renderer/RenderGlobal.func_147589_a(Lnet/minecraft/entity/EntityLivingBase;Lnet/minecraft/client/renderer/culling/ICamera;F)V
[SMC FNR]  patch method net/minecraft/client/renderer/RenderGlobal.func_72719_a(Lnet/minecraft/entity/EntityLivingBase;ID)I
[SMC FNR]  patch method net/minecraft/client/renderer/RenderGlobal.func_72714_a(F)V
[SMC FNR]  patch method net/minecraft/client/renderer/RenderGlobal.func_72717_a(Lnet/minecraft/client/renderer/Tessellator;Lnet/minecraft/entity/player/EntityPlayer;F)V
[SMC FNR]  patch method net/minecraft/client/renderer/RenderGlobal.drawBlockDamageTexture(Lnet/minecraft/client/renderer/Tessellator;Lnet/minecraft/entity/EntityLivingBase;F)V
[SMC FNR]  patch method net/minecraft/client/renderer/RenderGlobal.func_72731_b(Lnet/minecraft/entity/player/EntityPlayer;Lnet/minecraft/util/MovingObjectPosition;IF)V
[SMC FNE] 60821 (+570)
[SMC FNE]transforming bmh net.minecraft.client.renderer.Tessellator
[SMC FNE] 8947 (-701)
[SMC FNE]transforming bqd net.minecraft.client.renderer.texture.TextureAtlasSprite
[SMC FNE] 11200 (+259)
[SMC INF]allocateTextureMap 0 0 16 16 1.0 
[SMC FNE]transforming bqm net.minecraft.client.renderer.texture.TextureCompass
[SMC FNE] 2550 (+63)
[SMC FNE]transforming bql net.minecraft.client.renderer.texture.TextureClock
[SMC FNE] 1885 (+63)
[SMC INF]allocateTextureMap 1 0 16 16 1.0 
[SMC INF]allocateTextureMap 0 0 2048 1024 1.0 
[SMC INF]allocateTextureMap 1 0 2048 1024 1.0 
[SMC FNE]transforming bdm net.minecraft.client.gui.GuiOptions
[SMC FNT]    decrease language button size
[SMC FNT]    add shaders button
[SMC FNT]    shaders button action
[SMC FNE] 6481 (+158)
[SMC INF]OpenGL Version : 4.5.0 NVIDIA 375.86
[SMC INF]Vendor :  NVIDIA Corporation
[SMC INF]Renderer : GeForce GTX 1080/PCIe/SSE2
[SMC INF]Capabilities  2.0  2.1  3.0  3.2  4.0
[SMC INF]GL_MAX_DRAW_BUFFERS = 8
[SMC INF]GL_MAX_COLOR_ATTACHMENTS_EXT = 8
[SMC INF]GL_MAX_TEXTURE_IMAGE_UNITS = 32
[SMC INF]Program gbuffers_basic loaded
[SMC INF]Program gbuffers_textured loaded
[SMC INF]Program gbuffers_textured_lit loaded
[SMC INF]Program gbuffers_skybasic loaded
[SMC INF]Program gbuffers_skytextured loaded
[SMC INF]Program gbuffers_terrain loaded
[SMC INF]Program gbuffers_water loaded
[SMC INF]Program gbuffers_entities loaded
[SMC INF]Program gbuffers_hand loaded
[SMC INF]Program gbuffers_weather loaded
[SMC INF]Sun path rotation: -45.0f
[SMC INF]Wetness halflife: 70.0f
[SMC INF]Dryness halflife: 70.0f
[SMC INF]Hardware shadow filtering enabled.
[SMC INF]Noise texture enabled
[SMC INF]Noise texture resolution: 1024
[SMC INF]Shadow map resolution: 1024
[SMC INF]Shadow map distance: 270.0
[SMC INF]Program composite loaded
[SMC INF]Program composite1 loaded
[SMC INF]Program composite2 loaded
[SMC INF]Program final loaded
[SMC INF]Program shadow loaded
[SMC INF]Framebuffer created.
[SMC INF]Shadow framebuffer created.
[SMC INF]Reset model renderers
[SMC INF]Reset world renderers
[SMC INF].
[SMC INF]Expand tesselator buffer 131072
